<?xml version="1.0" encoding="UTF-8"?>
<!-- Generated by org.testng.reporters.JUnitReportReporter -->
<testsuite hostname="DELL" name="answers.RestAssuredGetTest" tests="1" failures="0" timestamp="12 Jul 2020 12:54:30 GMT" time="2.690" errors="0">
  <testcase name="requestUsZipCode90210_checkResponseCode_expect200" time="2.690" classname="answers.RestAssuredGetTest"/>
</testsuite> <!-- answers.RestAssuredGetTest -->
