<?xml version="1.0" encoding="UTF-8"?>
<!-- Generated by org.testng.reporters.JUnitReportReporter -->
<testsuite hostname="DELL" name="answers.RestAssuredPostTest" tests="1" failures="0" timestamp="12 Jul 2020 12:54:30 GMT" time="4.630" errors="0">
  <testcase name="postCarObject_checkResponseHttpStatusCode_expect200" time="4.630" classname="answers.RestAssuredPostTest"/>
</testsuite> <!-- answers.RestAssuredPostTest -->
